<html>
<body>
<pre>
<h1>µVision Build Log</h1>
<h2>Tool Versions:</h2>
IDE-Version: ¦ÌVision V5.24.2.86
Copyright (C) 2017 ARM Ltd and ARM Germany GmbH. All rights reserved.
License Information: j p, Microsoft, LIC=14RHL-0DJ2I-F59T4-FI5DD-7BGKY-1IEV6
 
Tool Versions:
Toolchain:       PK51 Prof. Developers Kit  Version: 9.00
Toolchain Path:  F:\Software\Keil_v5\C51\BIN
C Compiler:      C51.exe V9.00
Assembler:       A51.exe V8.2.7.0
Linker/Locator:  BL51.exe V6.22.2.0
Library Manager: LIB51.exe V4.30.1.0
Hex Converter:   OH51.exe V2.7.0.0
CPU DLL:         S8051.DLL V3.113.0.0
Dialog DLL:      DP51.DLL V2.64.0.0 
<h2>Project:</h2>
F:\uvisionwork\MAX\MAX.uvproj
Project File Date:  05/17/2018

<h2>Output:</h2>
Build target 'Target 1'
compiling first.c...
first.c(2): warning C318: can't open file 'LCD12864.h'
first.c(3): warning C318: can't open file 'variable.h'
first.c(4): warning C318: can't open file 'TLC5615.h'
first.c(5): warning C318: can't open file 'Key.h'
FIRST.C(12): error C141: syntax error near '*', expected ')'
FIRST.C(13): error C141: syntax error near 'i'
FIRST.C(13): error C202: 'i': undefined identifier
FIRST.C(14): error C141: syntax error near 'unsigned'
FIRST.C(14): error C202: 'result': undefined identifier
FIRST.C(15): error C202: 'sum': undefined identifier
FIRST.C(16): error C202: 'i': undefined identifier
FIRST.C(17): error C202: 'result': undefined identifier
FIRST.C(18): error C202: 'j': undefined identifier
FIRST.C(19): error C202: 'result': undefined identifier
FIRST.C(21): error C202: 'sum': undefined identifier
FIRST.C(23): error C202: 'sum': undefined identifier
FIRST.C(33): error C202: 'uchar': undefined identifier
FIRST.C(33): error C141: syntax error near 'temp'
FIRST.C(35): error C141: syntax error near 'long'
FIRST.C(35): error C202: 'Value_Duty': undefined identifier
FIRST.C(36): error C141: syntax error near 'long'
FIRST.C(36): error C202: 'Value_Fre': undefined identifier
FIRST.C(40): error C202: 'SET': undefined identifier
FIRST.C(41): error C202: 'ratio': undefined identifier
FIRST.C(42): error C202: 'rate': undefined identifier
FIRST.C(43): error C202: 'first': undefined identifier
FIRST.C(44): error C202: 'tick_rate': undefined identifier
FIRST.C(45): error C202: 'tick_ratio': undefined identifier
FIRST.C(46): error C202: 'p_shape': undefined identifier
FIRST.C(47): error C202: 'p_rate': undefined identifier
FIRST.C(48): error C202: 'p_ratio': undefined identifier
compiling Key.c...
KEY.C(11): error C202: 'P1': undefined identifier
KEY.C(13): error C202: 'P1': undefined identifier
KEY.C(15): error C202: 'P1': undefined identifier
KEY.C(16): error C202: 'P1': undefined identifier
compiling LCD12864.c...
LCD12864.c(7): warning C318: can't open file 'variable.h'
LCD12864.C(8): error C202: 'P2': undefined identifier
LCD12864.C(9): error C202: 'P2': undefined identifier
LCD12864.C(10): error C202: 'P2': undefined identifier
LCD12864.C(14): error C141: syntax error near 'k', expected ')'
LCD12864.C(16): error C202: 'k': undefined identifier
LCD12864.C(21): error C141: syntax error near 'datas', expected ')'
LCD12864.C(24): error C141: syntax error near 't'
LCD12864.C(24): error C202: 't': undefined identifier
LCD12864.C(25): error C202: 'CS': undefined identifier
LCD12864.C(26): error C202: 'SCLK': undefined identifier
LCD12864.C(27): error C202: 'SID': undefined identifier
LCD12864.C(28): error C202: 'CS': undefined identifier
LCD12864.C(29): error C202: 't': undefined identifier
LCD12864.C(30): error C202: 't': undefined identifier
LCD12864.C(31): error C202: 'tempdata': undefined identifier
LCD12864.C(32): error C202: 'tempdata': undefined identifier
LCD12864.C(33): error C202: 'tempdata': undefined identifier
LCD12864.C(35): error C202: 'k': undefined identifier
LCD12864.C(36): error C202: 'tempdata': undefined identifier
LCD12864.C(37): error C202: 'SCLK': undefined identifier
LCD12864.C(38): error C202: 'SID': undefined identifier
LCD12864.C(39): error C202: 'SCLK': undefined identifier
LCD12864.C(43): error C202: 'CS': undefined identifier
LCD12864.C(57): error C202: 'p_shape': undefined identifier
LCD12864.C(59): error C202: 'tick_rate': undefined identifier
LCD12864.C(60): error C202: 'number': undefined identifier
LCD12864.C(63): error C202: 'tick_ratio': undefined identifier
LCD12864.C(64): error C202: 'number': undefined identifier
LCD12864.C(70): error C202: 'shape2_': undefined identifier
LCD12864.C(72): error C202: 'number': undefined identifier
LCD12864.C(74): error C202: 'number': undefined identifier
LCD12864.C(79): error C202: 'SET': undefined identifier
LCD12864.C(81): error C202: 'Str1_set': undefined identifier
LCD12864.C(85): error C202: 'Str1': undefined identifier
LCD12864.C(88): error C202: 'Str2': undefined identifier
LCD12864.C(90): error C202: 'Str3': undefined identifier
LCD12864.C(92): error C202: 'Str4': undefined identifier
LCD12864.C(104): error C202: 'Str2': undefined identifier
LCD12864.C(106): error C202: 'shape2': undefined identifier
LCD12864.C(108): error C202: 'shape3': undefined identifier
LCD12864.C(110): error C202: 'shape4': undefined identifier
compiling TLC5615.c...
TLC5615.c(4): warning C318: can't open file 'variable.h'
TLC5615.C(8): error C202: 'P3': undefined identifier
TLC5615.C(9): error C202: 'P3': undefined identifier
TLC5615.C(10): error C202: 'P3': undefined identifier
TLC5615.C(12): error C202: 'P3': undefined identifier
TLC5615.C(13): error C202: 'P3': undefined identifier
TLC5615.C(14): error C202: 'P3': undefined identifier
TLC5615.C(15): error C202: 'P3': undefined identifier
TLC5615.C(17): error C202: 'P2': undefined identifier
TLC5615.C(18): error C202: 'P2': undefined identifier
TLC5615.C(30): error C141: syntax error near 'date', expected ')'
TLC5615.C(31): error C141: syntax error near 'i'
TLC5615.C(31): error C202: 'i': undefined identifier
TLC5615.C(32): error C202: 'CLK': undefined identifier
Target not created.
Build Time Elapsed:  00:00:03
</pre>
</body>
</html>
